# JRE version: OpenJDK Runtime Environment (17.0.6) (build 17.0.6+0-b2043.56-9586694)
# Java VM: OpenJDK 64-Bit Server VM (17.0.6+0-b2043.56-9586694, mixed mode, tiered, compressed oops, compressed class ptrs, g1 gc, windows-amd64)
GC Precious Log:
 CPUs: 8 total, 8 available
 Memory: 16232M
 Large Page Support: Disabled
 NUMA Support: Disabled
 Compressed Oops: Enabled (32-bit)
 Heap Region Size: 1M
 Heap Min Capacity: 8M
 Heap Initial Capacity: 254M
 Heap Max Capacity: 2G
 Pre-touch: Disabled
 Parallel Workers: 8
 Concurrent Workers: 2
 Concurrent Refinement Workers: 8
 Periodic GC: Disabled
Heap:
 garbage-first heap   total 334848K, used 199349K [0x0000000080000000, 0x0000000100000000)
  region size 1024K, 3 young (3072K), 3 survivors (3072K)
 Metaspace       used 99710K, committed 100416K, reserved 1138688K
  class space    used 13400K, committed 13696K, reserved 1048576K
GC Heap History (20 events):
Event: 16.658 GC heap after
{Heap after GC invocations=39 (full 0):
 garbage-first heap   total 254976K, used 125545K [0x0000000080000000, 0x0000000100000000)
  region size 1024K, 10 young (10240K), 10 survivors (10240K)
 Metaspace       used 82823K, committed 83392K, reserved 1122304K
  class space    used 11099K, committed 11328K, reserved 1048576K
}
Event: 17.881 GC heap before
{Heap before GC invocations=40 (full 0):
 garbage-first heap   total 254976K, used 229993K [0x0000000080000000, 0x0000000100000000)
  region size 1024K, 72 young (73728K), 10 survivors (10240K)
 Metaspace       used 87773K, committed 88448K, reserved 1130496K
  class space    used 11718K, committed 12032K, reserved 1048576K
}
Event: 17.892 GC heap after
{Heap after GC invocations=41 (full 0):
 garbage-first heap   total 254976K, used 176824K [0x0000000080000000, 0x0000000100000000)
  region size 1024K, 11 young (11264K), 11 survivors (11264K)
 Metaspace       used 87773K, committed 88448K, reserved 1130496K
  class space    used 11718K, committed 12032K, reserved 1048576K
}
Event: 17.913 GC heap before
{Heap before GC invocations=41 (full 0):
 garbage-first heap   total 254976K, used 176824K [0x0000000080000000, 0x0000000100000000)
  region size 1024K, 12 young (12288K), 11 survivors (11264K)
 Metaspace       used 87860K, committed 88512K, reserved 1130496K
  class space    used 11731K, committed 12032K, reserved 1048576K
}
Event: 17.919 GC heap after
{Heap after GC invocations=42 (full 0):
 garbage-first heap   total 254976K, used 177987K [0x0000000080000000, 0x0000000100000000)
  region size 1024K, 1 young (1024K), 1 survivors (1024K)
 Metaspace       used 87860K, committed 88512K, reserved 1130496K
  class space    used 11731K, committed 12032K, reserved 1048576K
}
Event: 19.091 GC heap before
{Heap before GC invocations=42 (full 0):
 garbage-first heap   total 254976K, used 214851K [0x0000000080000000, 0x0000000100000000)
  region size 1024K, 37 young (37888K), 1 survivors (1024K)
 Metaspace       used 94435K, committed 95104K, reserved 1138688K
  class space    used 12617K, committed 12928K, reserved 1048576K
}
Event: 19.097 GC heap after
{Heap after GC invocations=43 (full 0):
 garbage-first heap   total 254976K, used 179256K [0x0000000080000000, 0x0000000100000000)
  region size 1024K, 3 young (3072K), 3 survivors (3072K)
 Metaspace       used 94435K, committed 95104K, reserved 1138688K
  class space    used 12617K, committed 12928K, reserved 1048576K
}
Event: 20.093 GC heap before
{Heap before GC invocations=44 (full 0):
 garbage-first heap   total 306176K, used 216120K [0x0000000080000000, 0x0000000100000000)
  region size 1024K, 39 young (39936K), 3 survivors (3072K)
 Metaspace       used 97125K, committed 97792K, reserved 1138688K
  class space    used 12957K, committed 13248K, reserved 1048576K
}
Event: 20.102 GC heap after
{Heap after GC invocations=45 (full 0):
 garbage-first heap   total 306176K, used 183116K [0x0000000080000000, 0x0000000100000000)
  region size 1024K, 5 young (5120K), 5 survivors (5120K)
 Metaspace       used 97125K, committed 97792K, reserved 1138688K
  class space    used 12957K, committed 13248K, reserved 1048576K
}
Event: 20.269 GC heap before
{Heap before GC invocations=45 (full 0):
 garbage-first heap   total 306176K, used 192332K [0x0000000080000000, 0x0000000100000000)
  region size 1024K, 14 young (14336K), 5 survivors (5120K)
 Metaspace       used 97991K, committed 98688K, reserved 1138688K
  class space    used 13192K, committed 13504K, reserved 1048576K
}
Event: 20.277 GC heap after
{Heap after GC invocations=46 (full 0):
 garbage-first heap   total 306176K, used 183900K [0x0000000080000000, 0x0000000100000000)
  region size 1024K, 2 young (2048K), 2 survivors (2048K)
 Metaspace       used 97991K, committed 98688K, reserved 1138688K
  class space    used 13192K, committed 13504K, reserved 1048576K
}
Event: 20.977 GC heap before
{Heap before GC invocations=46 (full 0):
 garbage-first heap   total 306176K, used 250460K [0x0000000080000000, 0x0000000100000000)
  region size 1024K, 67 young (68608K), 2 survivors (2048K)
 Metaspace       used 99228K, committed 99968K, reserved 1138688K
  class space    used 13374K, committed 13696K, reserved 1048576K
}
Event: 20.983 GC heap after
{Heap after GC invocations=47 (full 0):
 garbage-first heap   total 306176K, used 190841K [0x0000000080000000, 0x0000000100000000)
  region size 1024K, 8 young (8192K), 8 survivors (8192K)
 Metaspace       used 99228K, committed 99968K, reserved 1138688K
  class space    used 13374K, committed 13696K, reserved 1048576K
}
Event: 21.986 GC heap before
{Heap before GC invocations=47 (full 0):
 garbage-first heap   total 306176K, used 225657K [0x0000000080000000, 0x0000000100000000)
  region size 1024K, 44 young (45056K), 8 survivors (8192K)
 Metaspace       used 99579K, committed 100224K, reserved 1138688K
  class space    used 13396K, committed 13696K, reserved 1048576K
}
Event: 21.997 GC heap after
{Heap after GC invocations=48 (full 0):
 garbage-first heap   total 306176K, used 192425K [0x0000000080000000, 0x0000000100000000)
  region size 1024K, 5 young (5120K), 5 survivors (5120K)
 Metaspace       used 99579K, committed 100224K, reserved 1138688K
  class space    used 13396K, committed 13696K, reserved 1048576K
}
Event: 22.445 GC heap before
{Heap before GC invocations=49 (full 0):
 garbage-first heap   total 334848K, used 261033K [0x0000000080000000, 0x0000000100000000)
  region size 1024K, 66 young (67584K), 5 survivors (5120K)
 Metaspace       used 99702K, committed 100416K, reserved 1138688K
  class space    used 13400K, committed 13696K, reserved 1048576K
}
Event: 22.453 GC heap after
{Heap after GC invocations=50 (full 0):
 garbage-first heap   total 334848K, used 198070K [0x0000000080000000, 0x0000000100000000)
  region size 1024K, 9 young (9216K), 9 survivors (9216K)
 Metaspace       used 99702K, committed 100416K, reserved 1138688K
  class space    used 13400K, committed 13696K, reserved 1048576K
}
Event: 22.529 GC heap before
{Heap before GC invocations=50 (full 0):
 garbage-first heap   total 334848K, used 205238K [0x0000000080000000, 0x0000000100000000)
  region size 1024K, 16 young (16384K), 9 survivors (9216K)
 Metaspace       used 99704K, committed 100416K, reserved 1138688K
  class space    used 13400K, committed 13696K, reserved 1048576K
}
Event: 22.536 GC heap after
{Heap after GC invocations=51 (full 0):
 garbage-first heap   total 334848K, used 197785K [0x0000000080000000, 0x0000000100000000)
  region size 1024K, 2 young (2048K), 2 survivors (2048K)
 Metaspace       used 99704K, committed 100416K, reserved 1138688K
  class space    used 13400K, committed 13696K, reserved 1048576K
}
Event: 22.951 GC heap before
{Heap before GC invocations=51 (full 0):
 garbage-first heap   total 334848K, used 274585K [0x0000000080000000, 0x0000000100000000)
  region size 1024K, 77 young (78848K), 2 survivors (2048K)
 Metaspace       used 99710K, committed 100416K, reserved 1138688K
  class space    used 13400K, committed 13696K, reserved 1048576K
}

