# JRE version: OpenJDK Runtime Environment (17.0.6) (build 17.0.6+0-b2043.56-9586694)
# Java VM: OpenJDK 64-Bit Server VM (17.0.6+0-b2043.56-9586694, mixed mode, tiered, compressed oops, compressed class ptrs, g1 gc, windows-amd64)
GC Precious Log:
 CPUs: 8 total, 8 available
 Memory: 16232M
 Large Page Support: Disabled
 NUMA Support: Disabled
 Compressed Oops: Enabled (32-bit)
 Heap Region Size: 1M
 Heap Min Capacity: 8M
 Heap Initial Capacity: 254M
 Heap Max Capacity: 2G
 Pre-touch: Disabled
 Parallel Workers: 8
 Concurrent Workers: 2
 Concurrent Refinement Workers: 8
 Periodic GC: Disabled
Heap:
 garbage-first heap   total 260096K, used 133865K [0x0000000080000000, 0x0000000100000000)
  region size 1024K, 5 young (5120K), 5 survivors (5120K)
 Metaspace       used 74546K, committed 75200K, reserved 1114112K
  class space    used 9897K, committed 10176K, reserved 1048576K
GC Heap History (20 events):
Event: 9.628 GC heap after
{Heap after GC invocations=27 (full 0):
 garbage-first heap   total 167936K, used 100837K [0x0000000080000000, 0x0000000100000000)
  region size 1024K, 3 young (3072K), 3 survivors (3072K)
 Metaspace       used 50441K, committed 51008K, reserved 1097728K
  class space    used 6641K, committed 6912K, reserved 1048576K
}
Event: 10.387 GC heap before
{Heap before GC invocations=27 (full 0):
 garbage-first heap   total 167936K, used 128485K [0x0000000080000000, 0x0000000100000000)
  region size 1024K, 31 young (31744K), 3 survivors (3072K)
 Metaspace       used 51616K, committed 52160K, reserved 1097728K
  class space    used 6766K, committed 7040K, reserved 1048576K
}
Event: 10.393 GC heap after
{Heap after GC invocations=28 (full 0):
 garbage-first heap   total 167936K, used 104055K [0x0000000080000000, 0x0000000100000000)
  region size 1024K, 4 young (4096K), 4 survivors (4096K)
 Metaspace       used 51616K, committed 52160K, reserved 1097728K
  class space    used 6766K, committed 7040K, reserved 1048576K
}
Event: 10.836 GC heap before
{Heap before GC invocations=29 (full 0):
 garbage-first heap   total 181248K, used 139895K [0x0000000080000000, 0x0000000100000000)
  region size 1024K, 31 young (31744K), 4 survivors (4096K)
 Metaspace       used 52734K, committed 53248K, reserved 1097728K
  class space    used 6918K, committed 7168K, reserved 1048576K
}
Event: 10.843 GC heap after
{Heap after GC invocations=30 (full 0):
 garbage-first heap   total 181248K, used 121033K [0x0000000080000000, 0x0000000100000000)
  region size 1024K, 4 young (4096K), 4 survivors (4096K)
 Metaspace       used 52734K, committed 53248K, reserved 1097728K
  class space    used 6918K, committed 7168K, reserved 1048576K
}
Event: 10.908 GC heap before
{Heap before GC invocations=30 (full 0):
 garbage-first heap   total 181248K, used 125129K [0x0000000080000000, 0x0000000100000000)
  region size 1024K, 8 young (8192K), 4 survivors (4096K)
 Metaspace       used 53311K, committed 53824K, reserved 1097728K
  class space    used 6996K, committed 7232K, reserved 1048576K
}
Event: 10.913 GC heap after
{Heap after GC invocations=31 (full 0):
 garbage-first heap   total 181248K, used 121210K [0x0000000080000000, 0x0000000100000000)
  region size 1024K, 1 young (1024K), 1 survivors (1024K)
 Metaspace       used 53311K, committed 53824K, reserved 1097728K
  class space    used 6996K, committed 7232K, reserved 1048576K
}
Event: 11.393 GC heap before
{Heap before GC invocations=31 (full 0):
 garbage-first heap   total 181248K, used 144762K [0x0000000080000000, 0x0000000100000000)
  region size 1024K, 24 young (24576K), 1 survivors (1024K)
 Metaspace       used 57278K, committed 57792K, reserved 1105920K
  class space    used 7528K, committed 7744K, reserved 1048576K
}
Event: 11.396 GC heap after
{Heap after GC invocations=32 (full 0):
 garbage-first heap   total 181248K, used 122022K [0x0000000080000000, 0x0000000100000000)
  region size 1024K, 2 young (2048K), 2 survivors (2048K)
 Metaspace       used 57278K, committed 57792K, reserved 1105920K
  class space    used 7528K, committed 7744K, reserved 1048576K
}
Event: 11.998 GC heap before
{Heap before GC invocations=33 (full 0):
 garbage-first heap   total 209920K, used 146598K [0x0000000080000000, 0x0000000100000000)
  region size 1024K, 27 young (27648K), 2 survivors (2048K)
 Metaspace       used 61846K, committed 62400K, reserved 1105920K
  class space    used 8110K, committed 8384K, reserved 1048576K
}
Event: 12.002 GC heap after
{Heap after GC invocations=34 (full 0):
 garbage-first heap   total 209920K, used 123584K [0x0000000080000000, 0x0000000100000000)
  region size 1024K, 3 young (3072K), 3 survivors (3072K)
 Metaspace       used 61846K, committed 62400K, reserved 1105920K
  class space    used 8110K, committed 8384K, reserved 1048576K
}
Event: 12.123 GC heap before
{Heap before GC invocations=34 (full 0):
 garbage-first heap   total 209920K, used 129728K [0x0000000080000000, 0x0000000100000000)
  region size 1024K, 10 young (10240K), 3 survivors (3072K)
 Metaspace       used 63086K, committed 63680K, reserved 1105920K
  class space    used 8243K, committed 8512K, reserved 1048576K
}
Event: 12.129 GC heap after
{Heap after GC invocations=35 (full 0):
 garbage-first heap   total 209920K, used 126398K [0x0000000080000000, 0x0000000100000000)
  region size 1024K, 2 young (2048K), 2 survivors (2048K)
 Metaspace       used 63086K, committed 63680K, reserved 1105920K
  class space    used 8243K, committed 8512K, reserved 1048576K
}
Event: 12.739 GC heap before
{Heap before GC invocations=35 (full 0):
 garbage-first heap   total 209920K, used 159166K [0x0000000080000000, 0x0000000100000000)
  region size 1024K, 35 young (35840K), 2 survivors (2048K)
 Metaspace       used 66475K, committed 67008K, reserved 1114112K
  class space    used 8647K, committed 8896K, reserved 1048576K
}
Event: 12.743 GC heap after
{Heap after GC invocations=36 (full 0):
 garbage-first heap   total 209920K, used 127787K [0x0000000080000000, 0x0000000100000000)
  region size 1024K, 4 young (4096K), 4 survivors (4096K)
 Metaspace       used 66475K, committed 67008K, reserved 1114112K
  class space    used 8647K, committed 8896K, reserved 1048576K
}
Event: 13.544 GC heap before
{Heap before GC invocations=37 (full 0):
 garbage-first heap   total 222208K, used 169771K [0x0000000080000000, 0x0000000100000000)
  region size 1024K, 44 young (45056K), 4 survivors (4096K)
 Metaspace       used 69715K, committed 70272K, reserved 1114112K
  class space    used 9081K, committed 9344K, reserved 1048576K
}
Event: 13.549 GC heap after
{Heap after GC invocations=38 (full 0):
 garbage-first heap   total 222208K, used 130124K [0x0000000080000000, 0x0000000100000000)
  region size 1024K, 6 young (6144K), 6 survivors (6144K)
 Metaspace       used 69715K, committed 70272K, reserved 1114112K
  class space    used 9081K, committed 9344K, reserved 1048576K
}
Event: 13.592 GC heap before
{Heap before GC invocations=38 (full 0):
 garbage-first heap   total 222208K, used 134220K [0x0000000080000000, 0x0000000100000000)
  region size 1024K, 10 young (10240K), 6 survivors (6144K)
 Metaspace       used 69718K, committed 70272K, reserved 1114112K
  class space    used 9082K, committed 9344K, reserved 1048576K
}
Event: 13.597 GC heap after
{Heap after GC invocations=39 (full 0):
 garbage-first heap   total 222208K, used 130513K [0x0000000080000000, 0x0000000100000000)
  region size 1024K, 1 young (1024K), 1 survivors (1024K)
 Metaspace       used 69718K, committed 70272K, reserved 1114112K
  class space    used 9082K, committed 9344K, reserved 1048576K
}
Event: 14.463 GC heap before
{Heap before GC invocations=39 (full 0):
 garbage-first heap   total 222208K, used 179665K [0x0000000080000000, 0x0000000100000000)
  region size 1024K, 49 young (50176K), 1 survivors (1024K)
 Metaspace       used 74546K, committed 75200K, reserved 1114112K
  class space    used 9897K, committed 10176K, reserved 1048576K
}

