# JRE version: OpenJDK Runtime Environment (17.0.6) (build 17.0.6+0-b2043.56-9586694)
# Java VM: OpenJDK 64-Bit Server VM (17.0.6+0-b2043.56-9586694, mixed mode, tiered, compressed oops, compressed class ptrs, g1 gc, windows-amd64)
GC Precious Log:
 CPUs: 8 total, 8 available
 Memory: 16232M
 Large Page Support: Disabled
 NUMA Support: Disabled
 Compressed Oops: Enabled (32-bit)
 Heap Region Size: 1M
 Heap Min Capacity: 8M
 Heap Initial Capacity: 254M
 Heap Max Capacity: 2G
 Pre-touch: Disabled
 Parallel Workers: 8
 Concurrent Workers: 2
 Concurrent Refinement Workers: 8
 Periodic GC: Disabled
Heap:
 garbage-first heap   total 281600K, used 226114K [0x0000000080000000, 0x0000000100000000)
  region size 1024K, 62 young (63488K), 3 survivors (3072K)
 Metaspace       used 82420K, committed 83072K, reserved 1122304K
  class space    used 10963K, committed 11264K, reserved 1048576K
GC Heap History (20 events):
Event: 11.393 GC heap before
{Heap before GC invocations=27 (full 0):
 garbage-first heap   total 188416K, used 151751K [0x0000000080000000, 0x0000000100000000)
  region size 1024K, 38 young (38912K), 1 survivors (1024K)
 Metaspace       used 56205K, committed 56768K, reserved 1105920K
  class space    used 7365K, committed 7616K, reserved 1048576K
}
Event: 11.399 GC heap after
{Heap after GC invocations=28 (full 0):
 garbage-first heap   total 188416K, used 121953K [0x0000000080000000, 0x0000000100000000)
  region size 1024K, 5 young (5120K), 5 survivors (5120K)
 Metaspace       used 56205K, committed 56768K, reserved 1105920K
  class space    used 7365K, committed 7616K, reserved 1048576K
}
Event: 11.522 GC heap before
{Heap before GC invocations=28 (full 0):
 garbage-first heap   total 188416K, used 126049K [0x0000000080000000, 0x0000000100000000)
  region size 1024K, 9 young (9216K), 5 survivors (5120K)
 Metaspace       used 56989K, committed 57536K, reserved 1105920K
  class space    used 7486K, committed 7744K, reserved 1048576K
}
Event: 11.525 GC heap after
{Heap after GC invocations=29 (full 0):
 garbage-first heap   total 188416K, used 122293K [0x0000000080000000, 0x0000000100000000)
  region size 1024K, 1 young (1024K), 1 survivors (1024K)
 Metaspace       used 56989K, committed 57536K, reserved 1105920K
  class space    used 7486K, committed 7744K, reserved 1048576K
}
Event: 12.272 GC heap before
{Heap before GC invocations=29 (full 0):
 garbage-first heap   total 188416K, used 155061K [0x0000000080000000, 0x0000000100000000)
  region size 1024K, 33 young (33792K), 1 survivors (1024K)
 Metaspace       used 63144K, committed 63744K, reserved 1105920K
  class space    used 8258K, committed 8512K, reserved 1048576K
}
Event: 12.276 GC heap after
{Heap after GC invocations=30 (full 0):
 garbage-first heap   total 188416K, used 125702K [0x0000000080000000, 0x0000000100000000)
  region size 1024K, 4 young (4096K), 4 survivors (4096K)
 Metaspace       used 63144K, committed 63744K, reserved 1105920K
  class space    used 8258K, committed 8512K, reserved 1048576K
}
Event: 12.925 GC heap before
{Heap before GC invocations=31 (full 0):
 garbage-first heap   total 219136K, used 155398K [0x0000000080000000, 0x0000000100000000)
  region size 1024K, 34 young (34816K), 4 survivors (4096K)
 Metaspace       used 65993K, committed 66560K, reserved 1114112K
  class space    used 8614K, committed 8896K, reserved 1048576K
}
Event: 12.931 GC heap after
{Heap after GC invocations=32 (full 0):
 garbage-first heap   total 219136K, used 127215K [0x0000000080000000, 0x0000000100000000)
  region size 1024K, 3 young (3072K), 3 survivors (3072K)
 Metaspace       used 65993K, committed 66560K, reserved 1114112K
  class space    used 8614K, committed 8896K, reserved 1048576K
}
Event: 13.073 GC heap before
{Heap before GC invocations=32 (full 0):
 garbage-first heap   total 219136K, used 135407K [0x0000000080000000, 0x0000000100000000)
  region size 1024K, 10 young (10240K), 3 survivors (3072K)
 Metaspace       used 66688K, committed 67328K, reserved 1114112K
  class space    used 8677K, committed 8960K, reserved 1048576K
}
Event: 13.083 GC heap after
{Heap after GC invocations=33 (full 0):
 garbage-first heap   total 219136K, used 128547K [0x0000000080000000, 0x0000000100000000)
  region size 1024K, 2 young (2048K), 2 survivors (2048K)
 Metaspace       used 66688K, committed 67328K, reserved 1114112K
  class space    used 8677K, committed 8960K, reserved 1048576K
}
Event: 14.014 GC heap before
{Heap before GC invocations=33 (full 0):
 garbage-first heap   total 219136K, used 174627K [0x0000000080000000, 0x0000000100000000)
  region size 1024K, 47 young (48128K), 2 survivors (2048K)
 Metaspace       used 69775K, committed 70400K, reserved 1114112K
  class space    used 9093K, committed 9344K, reserved 1048576K
}
Event: 14.019 GC heap after
{Heap after GC invocations=34 (full 0):
 garbage-first heap   total 219136K, used 130970K [0x0000000080000000, 0x0000000100000000)
  region size 1024K, 4 young (4096K), 4 survivors (4096K)
 Metaspace       used 69775K, committed 70400K, reserved 1114112K
  class space    used 9093K, committed 9344K, reserved 1048576K
}
Event: 15.129 GC heap before
{Heap before GC invocations=35 (full 0):
 garbage-first heap   total 224256K, used 178074K [0x0000000080000000, 0x0000000100000000)
  region size 1024K, 50 young (51200K), 4 survivors (4096K)
 Metaspace       used 74673K, committed 75264K, reserved 1114112K
  class space    used 9919K, committed 10176K, reserved 1048576K
}
Event: 15.136 GC heap after
{Heap after GC invocations=36 (full 0):
 garbage-first heap   total 224256K, used 134566K [0x0000000080000000, 0x0000000100000000)
  region size 1024K, 7 young (7168K), 7 survivors (7168K)
 Metaspace       used 74673K, committed 75264K, reserved 1114112K
  class space    used 9919K, committed 10176K, reserved 1048576K
}
Event: 15.197 GC heap before
{Heap before GC invocations=36 (full 0):
 garbage-first heap   total 224256K, used 137638K [0x0000000080000000, 0x0000000100000000)
  region size 1024K, 10 young (10240K), 7 survivors (7168K)
 Metaspace       used 74986K, committed 75584K, reserved 1114112K
  class space    used 9960K, committed 10240K, reserved 1048576K
}
Event: 15.203 GC heap after
{Heap after GC invocations=37 (full 0):
 garbage-first heap   total 224256K, used 135127K [0x0000000080000000, 0x0000000100000000)
  region size 1024K, 2 young (2048K), 2 survivors (2048K)
 Metaspace       used 74986K, committed 75584K, reserved 1114112K
  class space    used 9960K, committed 10240K, reserved 1048576K
}
Event: 15.718 GC heap before
{Heap before GC invocations=37 (full 0):
 garbage-first heap   total 224256K, used 156631K [0x0000000080000000, 0x0000000100000000)
  region size 1024K, 24 young (24576K), 2 survivors (2048K)
 Metaspace       used 77637K, committed 78208K, reserved 1122304K
  class space    used 10369K, committed 10624K, reserved 1048576K
}
Event: 15.722 GC heap after
{Heap after GC invocations=38 (full 0):
 garbage-first heap   total 269312K, used 136795K [0x0000000080000000, 0x0000000100000000)
  region size 1024K, 3 young (3072K), 3 survivors (3072K)
 Metaspace       used 77637K, committed 78208K, reserved 1122304K
  class space    used 10369K, committed 10624K, reserved 1048576K
}
Event: 15.728 GC heap before
{Heap before GC invocations=38 (full 0):
 garbage-first heap   total 269312K, used 138843K [0x0000000080000000, 0x0000000100000000)
  region size 1024K, 4 young (4096K), 3 survivors (3072K)
 Metaspace       used 77637K, committed 78208K, reserved 1122304K
  class space    used 10369K, committed 10624K, reserved 1048576K
}
Event: 15.731 GC heap after
{Heap after GC invocations=39 (full 0):
 garbage-first heap   total 269312K, used 139074K [0x0000000080000000, 0x0000000100000000)
  region size 1024K, 3 young (3072K), 3 survivors (3072K)
 Metaspace       used 77637K, committed 78208K, reserved 1122304K
  class space    used 10369K, committed 10624K, reserved 1048576K
}

