# JRE version: OpenJDK Runtime Environment (17.0.6) (build 17.0.6+0-b2043.56-9586694)
# Java VM: OpenJDK 64-Bit Server VM (17.0.6+0-b2043.56-9586694, mixed mode, tiered, compressed oops, compressed class ptrs, g1 gc, windows-amd64)
GC Precious Log:
 CPUs: 8 total, 8 available
 Memory: 16232M
 Large Page Support: Disabled
 NUMA Support: Disabled
 Compressed Oops: Enabled (32-bit)
 Heap Region Size: 1M
 Heap Min Capacity: 8M
 Heap Initial Capacity: 254M
 Heap Max Capacity: 2G
 Pre-touch: Disabled
 Parallel Workers: 8
 Concurrent Workers: 2
 Concurrent Refinement Workers: 8
 Periodic GC: Disabled
Heap:
 garbage-first heap   total 222208K, used 117819K [0x0000000080000000, 0x0000000100000000)
  region size 1024K, 2 young (2048K), 2 survivors (2048K)
 Metaspace       used 90121K, committed 90752K, reserved 1130496K
  class space    used 12059K, committed 12352K, reserved 1048576K
GC Heap History (20 events):
Event: 20.733 GC heap after
{Heap after GC invocations=38 (full 0):
 garbage-first heap   total 122880K, used 74031K [0x0000000080000000, 0x0000000100000000)
  region size 1024K, 3 young (3072K), 3 survivors (3072K)
 Metaspace       used 80655K, committed 81216K, reserved 1122304K
  class space    used 10781K, committed 11008K, reserved 1048576K
}
Event: 21.439 GC heap before
{Heap before GC invocations=39 (full 0):
 garbage-first heap   total 130048K, used 100655K [0x0000000080000000, 0x0000000100000000)
  region size 1024K, 29 young (29696K), 3 survivors (3072K)
 Metaspace       used 83204K, committed 83776K, reserved 1122304K
  class space    used 11120K, committed 11392K, reserved 1048576K
}
Event: 21.447 GC heap after
{Heap after GC invocations=40 (full 0):
 garbage-first heap   total 130048K, used 76172K [0x0000000080000000, 0x0000000100000000)
  region size 1024K, 4 young (4096K), 4 survivors (4096K)
 Metaspace       used 83204K, committed 83776K, reserved 1122304K
  class space    used 11120K, committed 11392K, reserved 1048576K
}
Event: 21.801 GC heap before
{Heap before GC invocations=40 (full 0):
 garbage-first heap   total 130048K, used 106892K [0x0000000080000000, 0x0000000100000000)
  region size 1024K, 34 young (34816K), 4 survivors (4096K)
 Metaspace       used 83341K, committed 83904K, reserved 1122304K
  class space    used 11137K, committed 11392K, reserved 1048576K
}
Event: 21.814 GC heap after
{Heap after GC invocations=41 (full 0):
 garbage-first heap   total 130048K, used 81247K [0x0000000080000000, 0x0000000100000000)
  region size 1024K, 5 young (5120K), 5 survivors (5120K)
 Metaspace       used 83341K, committed 83904K, reserved 1122304K
  class space    used 11137K, committed 11392K, reserved 1048576K
}
Event: 22.610 GC heap before
{Heap before GC invocations=42 (full 0):
 garbage-first heap   total 147456K, used 103775K [0x0000000080000000, 0x0000000100000000)
  region size 1024K, 28 young (28672K), 5 survivors (5120K)
 Metaspace       used 84869K, committed 85504K, reserved 1122304K
  class space    used 11451K, committed 11776K, reserved 1048576K
}
Event: 22.623 GC heap after
{Heap after GC invocations=43 (full 0):
 garbage-first heap   total 147456K, used 85279K [0x0000000080000000, 0x0000000100000000)
  region size 1024K, 4 young (4096K), 4 survivors (4096K)
 Metaspace       used 84869K, committed 85504K, reserved 1122304K
  class space    used 11451K, committed 11776K, reserved 1048576K
}
Event: 22.848 GC heap before
{Heap before GC invocations=43 (full 0):
 garbage-first heap   total 147456K, used 88351K [0x0000000080000000, 0x0000000100000000)
  region size 1024K, 7 young (7168K), 4 survivors (4096K)
 Metaspace       used 85000K, committed 85632K, reserved 1130496K
  class space    used 11455K, committed 11776K, reserved 1048576K
}
Event: 22.856 GC heap after
{Heap after GC invocations=44 (full 0):
 garbage-first heap   total 177152K, used 85440K [0x0000000080000000, 0x0000000100000000)
  region size 1024K, 1 young (1024K), 1 survivors (1024K)
 Metaspace       used 85000K, committed 85632K, reserved 1130496K
  class space    used 11455K, committed 11776K, reserved 1048576K
}
Event: 23.656 GC heap before
{Heap before GC invocations=44 (full 0):
 garbage-first heap   total 177152K, used 137664K [0x0000000080000000, 0x0000000100000000)
  region size 1024K, 53 young (54272K), 1 survivors (1024K)
 Metaspace       used 85791K, committed 86400K, reserved 1130496K
  class space    used 11596K, committed 11904K, reserved 1048576K
}
Event: 23.670 GC heap after
{Heap after GC invocations=45 (full 0):
 garbage-first heap   total 177152K, used 91151K [0x0000000080000000, 0x0000000100000000)
  region size 1024K, 7 young (7168K), 7 survivors (7168K)
 Metaspace       used 85791K, committed 86400K, reserved 1130496K
  class space    used 11596K, committed 11904K, reserved 1048576K
}
Event: 24.767 GC heap before
{Heap before GC invocations=46 (full 0):
 garbage-first heap   total 177152K, used 141327K [0x0000000080000000, 0x0000000100000000)
  region size 1024K, 55 young (56320K), 7 survivors (7168K)
 Metaspace       used 87558K, committed 88128K, reserved 1130496K
  class space    used 11763K, committed 12032K, reserved 1048576K
}
Event: 24.782 GC heap after
{Heap after GC invocations=47 (full 0):
 garbage-first heap   total 177152K, used 102916K [0x0000000080000000, 0x0000000100000000)
  region size 1024K, 7 young (7168K), 7 survivors (7168K)
 Metaspace       used 87558K, committed 88128K, reserved 1130496K
  class space    used 11763K, committed 12032K, reserved 1048576K
}
Event: 24.794 GC heap before
{Heap before GC invocations=47 (full 0):
 garbage-first heap   total 177152K, used 103940K [0x0000000080000000, 0x0000000100000000)
  region size 1024K, 8 young (8192K), 7 survivors (7168K)
 Metaspace       used 87559K, committed 88128K, reserved 1130496K
  class space    used 11763K, committed 12032K, reserved 1048576K
}
Event: 24.800 GC heap after
{Heap after GC invocations=48 (full 0):
 garbage-first heap   total 177152K, used 104053K [0x0000000080000000, 0x0000000100000000)
  region size 1024K, 1 young (1024K), 1 survivors (1024K)
 Metaspace       used 87559K, committed 88128K, reserved 1130496K
  class space    used 11763K, committed 12032K, reserved 1048576K
}
Event: 25.549 GC heap before
{Heap before GC invocations=48 (full 0):
 garbage-first heap   total 177152K, used 136821K [0x0000000080000000, 0x0000000100000000)
  region size 1024K, 34 young (34816K), 1 survivors (1024K)
 Metaspace       used 88097K, committed 88704K, reserved 1130496K
  class space    used 11819K, committed 12096K, reserved 1048576K
}
Event: 25.572 GC heap after
{Heap after GC invocations=49 (full 0):
 garbage-first heap   total 177152K, used 116465K [0x0000000080000000, 0x0000000100000000)
  region size 1024K, 5 young (5120K), 5 survivors (5120K)
 Metaspace       used 88097K, committed 88704K, reserved 1130496K
  class space    used 11819K, committed 12096K, reserved 1048576K
}
Event: 26.265 GC heap before
{Heap before GC invocations=50 (full 0):
 garbage-first heap   total 222208K, used 151281K [0x0000000080000000, 0x0000000100000000)
  region size 1024K, 23 young (23552K), 5 survivors (5120K)
 Metaspace       used 89755K, committed 90432K, reserved 1130496K
  class space    used 12021K, committed 12352K, reserved 1048576K
}
Event: 26.278 GC heap after
{Heap after GC invocations=51 (full 0):
 garbage-first heap   total 222208K, used 117691K [0x0000000080000000, 0x0000000100000000)
  region size 1024K, 1 young (1024K), 1 survivors (1024K)
 Metaspace       used 89755K, committed 90432K, reserved 1130496K
  class space    used 12021K, committed 12352K, reserved 1048576K
}
Event: 26.433 GC heap before
{Heap before GC invocations=51 (full 0):
 garbage-first heap   total 222208K, used 125883K [0x0000000080000000, 0x0000000100000000)
  region size 1024K, 10 young (10240K), 1 survivors (1024K)
 Metaspace       used 90121K, committed 90752K, reserved 1130496K
  class space    used 12059K, committed 12352K, reserved 1048576K
}

