# JRE version: OpenJDK Runtime Environment (17.0.6) (build 17.0.6+0-b2043.56-9586694)
# Java VM: OpenJDK 64-Bit Server VM (17.0.6+0-b2043.56-9586694, mixed mode, tiered, compressed oops, compressed class ptrs, g1 gc, windows-amd64)
GC Precious Log:
 CPUs: 8 total, 8 available
 Memory: 16232M
 Large Page Support: Disabled
 NUMA Support: Disabled
 Compressed Oops: Enabled (32-bit)
 Heap Region Size: 1M
 Heap Min Capacity: 8M
 Heap Initial Capacity: 254M
 Heap Max Capacity: 2G
 Pre-touch: Disabled
 Parallel Workers: 8
 Concurrent Workers: 2
 Concurrent Refinement Workers: 8
 Periodic GC: Disabled
Heap:
 garbage-first heap   total 260096K, used 109060K [0x0000000080000000, 0x0000000100000000)
  region size 1024K, 5 young (5120K), 5 survivors (5120K)
 Metaspace       used 51876K, committed 52416K, reserved 1097728K
  class space    used 6809K, committed 7040K, reserved 1048576K
GC Heap History (20 events):
Event: 9.422 GC heap after
{Heap after GC invocations=15 (full 0):
 garbage-first heap   total 136192K, used 59212K [0x0000000080000000, 0x0000000100000000)
  region size 1024K, 5 young (5120K), 5 survivors (5120K)
 Metaspace       used 39526K, committed 39936K, reserved 1089536K
  class space    used 5219K, committed 5440K, reserved 1048576K
}
Event: 9.430 GC heap before
{Heap before GC invocations=15 (full 0):
 garbage-first heap   total 136192K, used 60236K [0x0000000080000000, 0x0000000100000000)
  region size 1024K, 6 young (6144K), 5 survivors (5120K)
 Metaspace       used 39527K, committed 39936K, reserved 1089536K
  class space    used 5219K, committed 5440K, reserved 1048576K
}
Event: 9.436 GC heap after
{Heap after GC invocations=16 (full 0):
 garbage-first heap   total 136192K, used 59248K [0x0000000080000000, 0x0000000100000000)
  region size 1024K, 1 young (1024K), 1 survivors (1024K)
 Metaspace       used 39527K, committed 39936K, reserved 1089536K
  class space    used 5219K, committed 5440K, reserved 1048576K
}
Event: 10.502 GC heap before
{Heap before GC invocations=16 (full 0):
 garbage-first heap   total 136192K, used 97136K [0x0000000080000000, 0x0000000100000000)
  region size 1024K, 36 young (36864K), 1 survivors (1024K)
 Metaspace       used 43714K, committed 44032K, reserved 1089536K
  class space    used 5719K, committed 5888K, reserved 1048576K
}
Event: 10.507 GC heap after
{Heap after GC invocations=17 (full 0):
 garbage-first heap   total 136192K, used 62453K [0x0000000080000000, 0x0000000100000000)
  region size 1024K, 4 young (4096K), 4 survivors (4096K)
 Metaspace       used 43714K, committed 44032K, reserved 1089536K
  class space    used 5719K, committed 5888K, reserved 1048576K
}
Event: 10.874 GC heap before
{Heap before GC invocations=17 (full 0):
 garbage-first heap   total 136192K, used 74741K [0x0000000080000000, 0x0000000100000000)
  region size 1024K, 12 young (12288K), 4 survivors (4096K)
 Metaspace       used 44209K, committed 44672K, reserved 1089536K
  class space    used 5799K, committed 6016K, reserved 1048576K
}
Event: 10.880 GC heap after
{Heap after GC invocations=18 (full 0):
 garbage-first heap   total 136192K, used 69354K [0x0000000080000000, 0x0000000100000000)
  region size 1024K, 2 young (2048K), 2 survivors (2048K)
 Metaspace       used 44209K, committed 44672K, reserved 1089536K
  class space    used 5799K, committed 6016K, reserved 1048576K
}
Event: 11.933 GC heap before
{Heap before GC invocations=19 (full 0):
 garbage-first heap   total 137216K, used 119530K [0x0000000080000000, 0x0000000100000000)
  region size 1024K, 35 young (35840K), 2 survivors (2048K)
 Metaspace       used 46869K, committed 47296K, reserved 1097728K
  class space    used 6060K, committed 6272K, reserved 1048576K
}
Event: 11.941 GC heap after
{Heap after GC invocations=20 (full 0):
 garbage-first heap   total 137216K, used 90784K [0x0000000080000000, 0x0000000100000000)
  region size 1024K, 5 young (5120K), 5 survivors (5120K)
 Metaspace       used 46869K, committed 47296K, reserved 1097728K
  class space    used 6060K, committed 6272K, reserved 1048576K
}
Event: 11.976 GC heap before
{Heap before GC invocations=20 (full 0):
 garbage-first heap   total 137216K, used 91808K [0x0000000080000000, 0x0000000100000000)
  region size 1024K, 6 young (6144K), 5 survivors (5120K)
 Metaspace       used 46971K, committed 47424K, reserved 1097728K
  class space    used 6080K, committed 6272K, reserved 1048576K
}
Event: 11.985 GC heap after
{Heap after GC invocations=21 (full 0):
 garbage-first heap   total 137216K, used 90368K [0x0000000080000000, 0x0000000100000000)
  region size 1024K, 1 young (1024K), 1 survivors (1024K)
 Metaspace       used 46971K, committed 47424K, reserved 1097728K
  class space    used 6080K, committed 6272K, reserved 1048576K
}
Event: 12.631 GC heap before
{Heap before GC invocations=21 (full 0):
 garbage-first heap   total 137216K, used 119040K [0x0000000080000000, 0x0000000100000000)
  region size 1024K, 22 young (22528K), 1 survivors (1024K)
 Metaspace       used 48964K, committed 49408K, reserved 1097728K
  class space    used 6409K, committed 6592K, reserved 1048576K
}
Event: 12.636 GC heap after
{Heap after GC invocations=22 (full 0):
 garbage-first heap   total 137216K, used 99631K [0x0000000080000000, 0x0000000100000000)
  region size 1024K, 3 young (3072K), 3 survivors (3072K)
 Metaspace       used 48964K, committed 49408K, reserved 1097728K
  class space    used 6409K, committed 6592K, reserved 1048576K
}
Event: 12.940 GC heap before
{Heap before GC invocations=22 (full 0):
 garbage-first heap   total 137216K, used 114991K [0x0000000080000000, 0x0000000100000000)
  region size 1024K, 18 young (18432K), 3 survivors (3072K)
 Metaspace       used 49957K, committed 50496K, reserved 1097728K
  class space    used 6586K, committed 6848K, reserved 1048576K
}
Event: 12.944 GC heap after
{Heap after GC invocations=23 (full 0):
 garbage-first heap   total 137216K, used 100544K [0x0000000080000000, 0x0000000100000000)
  region size 1024K, 1 young (1024K), 1 survivors (1024K)
 Metaspace       used 49957K, committed 50496K, reserved 1097728K
  class space    used 6586K, committed 6848K, reserved 1048576K
}
Event: 13.801 GC heap before
{Heap before GC invocations=23 (full 0):
 garbage-first heap   total 137216K, used 115904K [0x0000000080000000, 0x0000000100000000)
  region size 1024K, 16 young (16384K), 1 survivors (1024K)
 Metaspace       used 51212K, committed 51776K, reserved 1097728K
  class space    used 6721K, committed 6976K, reserved 1048576K
}
Event: 13.809 GC heap after
{Heap after GC invocations=24 (full 0):
 garbage-first heap   total 137216K, used 102532K [0x0000000080000000, 0x0000000100000000)
  region size 1024K, 2 young (2048K), 2 survivors (2048K)
 Metaspace       used 51212K, committed 51776K, reserved 1097728K
  class space    used 6721K, committed 6976K, reserved 1048576K
}
Event: 14.167 GC heap before
{Heap before GC invocations=25 (full 0):
 garbage-first heap   total 174080K, used 112772K [0x0000000080000000, 0x0000000100000000)
  region size 1024K, 13 young (13312K), 2 survivors (2048K)
 Metaspace       used 51548K, committed 52096K, reserved 1097728K
  class space    used 6771K, committed 7040K, reserved 1048576K
}
Event: 14.173 GC heap after
{Heap after GC invocations=26 (full 0):
 garbage-first heap   total 174080K, used 104219K [0x0000000080000000, 0x0000000100000000)
  region size 1024K, 2 young (2048K), 2 survivors (2048K)
 Metaspace       used 51548K, committed 52096K, reserved 1097728K
  class space    used 6771K, committed 7040K, reserved 1048576K
}
Event: 14.533 GC heap before
{Heap before GC invocations=26 (full 0):
 garbage-first heap   total 174080K, used 120603K [0x0000000080000000, 0x0000000100000000)
  region size 1024K, 17 young (17408K), 2 survivors (2048K)
 Metaspace       used 51876K, committed 52416K, reserved 1097728K
  class space    used 6809K, committed 7040K, reserved 1048576K
}

