# JRE version: OpenJDK Runtime Environment (17.0.6) (build 17.0.6+0-b2043.56-9586694)
# Java VM: OpenJDK 64-Bit Server VM (17.0.6+0-b2043.56-9586694, mixed mode, tiered, compressed oops, compressed class ptrs, g1 gc, windows-amd64)
GC Precious Log:
 CPUs: 8 total, 8 available
 Memory: 16232M
 Large Page Support: Disabled
 NUMA Support: Disabled
 Compressed Oops: Enabled (32-bit)
 Heap Region Size: 1M
 Heap Min Capacity: 8M
 Heap Initial Capacity: 254M
 Heap Max Capacity: 2G
 Pre-touch: Disabled
 Parallel Workers: 8
 Concurrent Workers: 2
 Concurrent Refinement Workers: 8
 Periodic GC: Disabled
Heap:
 garbage-first heap   total 260096K, used 171383K [0x0000000080000000, 0x0000000100000000)
  region size 1024K, 6 young (6144K), 3 survivors (3072K)
 Metaspace       used 82736K, committed 83328K, reserved 1122304K
  class space    used 11089K, committed 11328K, reserved 1048576K
GC Heap History (20 events):
Event: 11.054 GC heap before
{Heap before GC invocations=32 (full 0):
 garbage-first heap   total 198656K, used 141187K [0x0000000080000000, 0x0000000100000000)
  region size 1024K, 29 young (29696K), 4 survivors (4096K)
 Metaspace       used 54750K, committed 55296K, reserved 1097728K
  class space    used 7302K, committed 7552K, reserved 1048576K
}
Event: 11.059 GC heap after
{Heap after GC invocations=33 (full 0):
 garbage-first heap   total 198656K, used 121513K [0x0000000080000000, 0x0000000100000000)
  region size 1024K, 4 young (4096K), 4 survivors (4096K)
 Metaspace       used 54750K, committed 55296K, reserved 1097728K
  class space    used 7302K, committed 7552K, reserved 1048576K
}
Event: 11.314 GC heap before
{Heap before GC invocations=33 (full 0):
 garbage-first heap   total 198656K, used 149161K [0x0000000080000000, 0x0000000100000000)
  region size 1024K, 31 young (31744K), 4 survivors (4096K)
 Metaspace       used 54865K, committed 55424K, reserved 1097728K
  class space    used 7302K, committed 7552K, reserved 1048576K
}
Event: 11.317 GC heap after
{Heap after GC invocations=34 (full 0):
 garbage-first heap   total 198656K, used 122556K [0x0000000080000000, 0x0000000100000000)
  region size 1024K, 1 young (1024K), 1 survivors (1024K)
 Metaspace       used 54865K, committed 55424K, reserved 1097728K
  class space    used 7302K, committed 7552K, reserved 1048576K
}
Event: 11.703 GC heap before
{Heap before GC invocations=35 (full 0):
 garbage-first heap   total 214016K, used 152252K [0x0000000080000000, 0x0000000100000000)
  region size 1024K, 30 young (30720K), 1 survivors (1024K)
 Metaspace       used 55529K, committed 56064K, reserved 1097728K
  class space    used 7383K, committed 7616K, reserved 1048576K
}
Event: 11.706 GC heap after
{Heap after GC invocations=36 (full 0):
 garbage-first heap   total 214016K, used 122799K [0x0000000080000000, 0x0000000100000000)
  region size 1024K, 2 young (2048K), 2 survivors (2048K)
 Metaspace       used 55529K, committed 56064K, reserved 1097728K
  class space    used 7383K, committed 7616K, reserved 1048576K
}
Event: 12.922 GC heap before
{Heap before GC invocations=36 (full 0):
 garbage-first heap   total 214016K, used 162735K [0x0000000080000000, 0x0000000100000000)
  region size 1024K, 41 young (41984K), 2 survivors (2048K)
 Metaspace       used 61778K, committed 62400K, reserved 1105920K
  class space    used 8173K, committed 8448K, reserved 1048576K
}
Event: 12.927 GC heap after
{Heap after GC invocations=37 (full 0):
 garbage-first heap   total 214016K, used 124857K [0x0000000080000000, 0x0000000100000000)
  region size 1024K, 4 young (4096K), 4 survivors (4096K)
 Metaspace       used 61778K, committed 62400K, reserved 1105920K
  class space    used 8173K, committed 8448K, reserved 1048576K
}
Event: 14.168 GC heap before
{Heap before GC invocations=38 (full 0):
 garbage-first heap   total 214016K, used 164793K [0x0000000080000000, 0x0000000100000000)
  region size 1024K, 44 young (45056K), 4 survivors (4096K)
 Metaspace       used 68601K, committed 69248K, reserved 1114112K
  class space    used 9027K, committed 9280K, reserved 1048576K
}
Event: 14.174 GC heap after
{Heap after GC invocations=39 (full 0):
 garbage-first heap   total 214016K, used 128411K [0x0000000080000000, 0x0000000100000000)
  region size 1024K, 6 young (6144K), 6 survivors (6144K)
 Metaspace       used 68601K, committed 69248K, reserved 1114112K
  class space    used 9027K, committed 9280K, reserved 1048576K
}
Event: 14.265 GC heap before
{Heap before GC invocations=39 (full 0):
 garbage-first heap   total 214016K, used 132507K [0x0000000080000000, 0x0000000100000000)
  region size 1024K, 10 young (10240K), 6 survivors (6144K)
 Metaspace       used 69175K, committed 69760K, reserved 1114112K
  class space    used 9100K, committed 9344K, reserved 1048576K
}
Event: 14.270 GC heap after
{Heap after GC invocations=40 (full 0):
 garbage-first heap   total 214016K, used 128941K [0x0000000080000000, 0x0000000100000000)
  region size 1024K, 1 young (1024K), 1 survivors (1024K)
 Metaspace       used 69175K, committed 69760K, reserved 1114112K
  class space    used 9100K, committed 9344K, reserved 1048576K
}
Event: 15.325 GC heap before
{Heap before GC invocations=40 (full 0):
 garbage-first heap   total 214016K, used 153517K [0x0000000080000000, 0x0000000100000000)
  region size 1024K, 26 young (26624K), 1 survivors (1024K)
 Metaspace       used 71682K, committed 72256K, reserved 1114112K
  class space    used 9394K, committed 9664K, reserved 1048576K
}
Event: 15.329 GC heap after
{Heap after GC invocations=41 (full 0):
 garbage-first heap   total 214016K, used 130326K [0x0000000080000000, 0x0000000100000000)
  region size 1024K, 3 young (3072K), 3 survivors (3072K)
 Metaspace       used 71682K, committed 72256K, reserved 1114112K
  class space    used 9394K, committed 9664K, reserved 1048576K
}
Event: 16.287 GC heap before
{Heap before GC invocations=42 (full 0):
 garbage-first heap   total 224256K, used 172310K [0x0000000080000000, 0x0000000100000000)
  region size 1024K, 43 young (44032K), 3 survivors (3072K)
 Metaspace       used 74835K, committed 75392K, reserved 1122304K
  class space    used 9811K, committed 10048K, reserved 1048576K
}
Event: 16.292 GC heap after
{Heap after GC invocations=43 (full 0):
 garbage-first heap   total 224256K, used 132842K [0x0000000080000000, 0x0000000100000000)
  region size 1024K, 5 young (5120K), 5 survivors (5120K)
 Metaspace       used 74835K, committed 75392K, reserved 1122304K
  class space    used 9811K, committed 10048K, reserved 1048576K
}
Event: 17.110 GC heap before
{Heap before GC invocations=43 (full 0):
 garbage-first heap   total 224256K, used 180970K [0x0000000080000000, 0x0000000100000000)
  region size 1024K, 52 young (53248K), 5 survivors (5120K)
 Metaspace       used 79024K, committed 79616K, reserved 1122304K
  class space    used 10527K, committed 10816K, reserved 1048576K
}
Event: 17.118 GC heap after
{Heap after GC invocations=44 (full 0):
 garbage-first heap   total 224256K, used 136823K [0x0000000080000000, 0x0000000100000000)
  region size 1024K, 7 young (7168K), 7 survivors (7168K)
 Metaspace       used 79024K, committed 79616K, reserved 1122304K
  class space    used 10527K, committed 10816K, reserved 1048576K
}
Event: 17.788 GC heap before
{Heap before GC invocations=45 (full 0):
 garbage-first heap   total 235520K, used 167543K [0x0000000080000000, 0x0000000100000000)
  region size 1024K, 38 young (38912K), 7 survivors (7168K)
 Metaspace       used 82733K, committed 83328K, reserved 1122304K
  class space    used 11089K, committed 11328K, reserved 1048576K
}
Event: 17.797 GC heap after
{Heap after GC invocations=46 (full 0):
 garbage-first heap   total 235520K, used 139639K [0x0000000080000000, 0x0000000100000000)
  region size 1024K, 3 young (3072K), 3 survivors (3072K)
 Metaspace       used 82733K, committed 83328K, reserved 1122304K
  class space    used 11089K, committed 11328K, reserved 1048576K
}

