# JRE version: OpenJDK Runtime Environment (17.0.6) (build 17.0.6+0-b2043.56-9586694)
# Java VM: OpenJDK 64-Bit Server VM (17.0.6+0-b2043.56-9586694, mixed mode, tiered, compressed oops, compressed class ptrs, g1 gc, windows-amd64)
GC Precious Log:
 CPUs: 8 total, 8 available
 Memory: 16232M
 Large Page Support: Disabled
 NUMA Support: Disabled
 Compressed Oops: Enabled (32-bit)
 Heap Region Size: 1M
 Heap Min Capacity: 8M
 Heap Initial Capacity: 254M
 Heap Max Capacity: 2G
 Pre-touch: Disabled
 Parallel Workers: 8
 Concurrent Workers: 2
 Concurrent Refinement Workers: 8
 Periodic GC: Disabled
Heap:
 garbage-first heap   total 247808K, used 194662K [0x0000000080000000, 0x0000000100000000)
  region size 1024K, 35 young (35840K), 5 survivors (5120K)
 Metaspace       used 81863K, committed 82496K, reserved 1122304K
  class space    used 10952K, committed 11200K, reserved 1048576K
GC Heap History (20 events):
Event: 15.465 GC heap before
{Heap before GC invocations=32 (full 0):
 garbage-first heap   total 167936K, used 130126K [0x0000000080000000, 0x0000000100000000)
  region size 1024K, 32 young (32768K), 4 survivors (4096K)
 Metaspace       used 54540K, committed 55104K, reserved 1097728K
  class space    used 7153K, committed 7424K, reserved 1048576K
}
Event: 15.470 GC heap after
{Heap after GC invocations=33 (full 0):
 garbage-first heap   total 167936K, used 109619K [0x0000000080000000, 0x0000000100000000)
  region size 1024K, 4 young (4096K), 4 survivors (4096K)
 Metaspace       used 54540K, committed 55104K, reserved 1097728K
  class space    used 7153K, committed 7424K, reserved 1048576K
}
Event: 15.560 GC heap before
{Heap before GC invocations=33 (full 0):
 garbage-first heap   total 167936K, used 113715K [0x0000000080000000, 0x0000000100000000)
  region size 1024K, 8 young (8192K), 4 survivors (4096K)
 Metaspace       used 55181K, committed 55744K, reserved 1097728K
  class space    used 7238K, committed 7488K, reserved 1048576K
}
Event: 15.564 GC heap after
{Heap after GC invocations=34 (full 0):
 garbage-first heap   total 167936K, used 109882K [0x0000000080000000, 0x0000000100000000)
  region size 1024K, 1 young (1024K), 1 survivors (1024K)
 Metaspace       used 55181K, committed 55744K, reserved 1097728K
  class space    used 7238K, committed 7488K, reserved 1048576K
}
Event: 16.278 GC heap before
{Heap before GC invocations=34 (full 0):
 garbage-first heap   total 167936K, used 135482K [0x0000000080000000, 0x0000000100000000)
  region size 1024K, 26 young (26624K), 1 survivors (1024K)
 Metaspace       used 59832K, committed 60416K, reserved 1105920K
  class space    used 7822K, committed 8064K, reserved 1048576K
}
Event: 16.281 GC heap after
{Heap after GC invocations=35 (full 0):
 garbage-first heap   total 167936K, used 110736K [0x0000000080000000, 0x0000000100000000)
  region size 1024K, 2 young (2048K), 2 survivors (2048K)
 Metaspace       used 59832K, committed 60416K, reserved 1105920K
  class space    used 7822K, committed 8064K, reserved 1048576K
}
Event: 17.017 GC heap before
{Heap before GC invocations=36 (full 0):
 garbage-first heap   total 191488K, used 135312K [0x0000000080000000, 0x0000000100000000)
  region size 1024K, 27 young (27648K), 2 survivors (2048K)
 Metaspace       used 63912K, committed 64512K, reserved 1105920K
  class space    used 8356K, committed 8640K, reserved 1048576K
}
Event: 17.023 GC heap after
{Heap after GC invocations=37 (full 0):
 garbage-first heap   total 191488K, used 113498K [0x0000000080000000, 0x0000000100000000)
  region size 1024K, 4 young (4096K), 4 survivors (4096K)
 Metaspace       used 63912K, committed 64512K, reserved 1105920K
  class space    used 8356K, committed 8640K, reserved 1048576K
}
Event: 17.134 GC heap before
{Heap before GC invocations=37 (full 0):
 garbage-first heap   total 191488K, used 118618K [0x0000000080000000, 0x0000000100000000)
  region size 1024K, 9 young (9216K), 4 survivors (4096K)
 Metaspace       used 64459K, committed 65088K, reserved 1105920K
  class space    used 8427K, committed 8704K, reserved 1048576K
}
Event: 17.139 GC heap after
{Heap after GC invocations=38 (full 0):
 garbage-first heap   total 191488K, used 113795K [0x0000000080000000, 0x0000000100000000)
  region size 1024K, 1 young (1024K), 1 survivors (1024K)
 Metaspace       used 64459K, committed 65088K, reserved 1105920K
  class space    used 8427K, committed 8704K, reserved 1048576K
}
Event: 18.002 GC heap before
{Heap before GC invocations=38 (full 0):
 garbage-first heap   total 191488K, used 150659K [0x0000000080000000, 0x0000000100000000)
  region size 1024K, 37 young (37888K), 1 survivors (1024K)
 Metaspace       used 68264K, committed 68864K, reserved 1114112K
  class space    used 8898K, committed 9152K, reserved 1048576K
}
Event: 18.007 GC heap after
{Heap after GC invocations=39 (full 0):
 garbage-first heap   total 191488K, used 115697K [0x0000000080000000, 0x0000000100000000)
  region size 1024K, 3 young (3072K), 3 survivors (3072K)
 Metaspace       used 68264K, committed 68864K, reserved 1114112K
  class space    used 8898K, committed 9152K, reserved 1048576K
}
Event: 18.730 GC heap before
{Heap before GC invocations=40 (full 0):
 garbage-first heap   total 199680K, used 152561K [0x0000000080000000, 0x0000000100000000)
  region size 1024K, 39 young (39936K), 3 survivors (3072K)
 Metaspace       used 69890K, committed 70464K, reserved 1114112K
  class space    used 9104K, committed 9344K, reserved 1048576K
}
Event: 18.737 GC heap after
{Heap after GC invocations=41 (full 0):
 garbage-first heap   total 199680K, used 118863K [0x0000000080000000, 0x0000000100000000)
  region size 1024K, 5 young (5120K), 5 survivors (5120K)
 Metaspace       used 69890K, committed 70464K, reserved 1114112K
  class space    used 9104K, committed 9344K, reserved 1048576K
}
Event: 18.790 GC heap before
{Heap before GC invocations=41 (full 0):
 garbage-first heap   total 199680K, used 122959K [0x0000000080000000, 0x0000000100000000)
  region size 1024K, 9 young (9216K), 5 survivors (5120K)
 Metaspace       used 69895K, committed 70464K, reserved 1114112K
  class space    used 9104K, committed 9344K, reserved 1048576K
}
Event: 18.797 GC heap after
{Heap after GC invocations=42 (full 0):
 garbage-first heap   total 199680K, used 119348K [0x0000000080000000, 0x0000000100000000)
  region size 1024K, 1 young (1024K), 1 survivors (1024K)
 Metaspace       used 69895K, committed 70464K, reserved 1114112K
  class space    used 9104K, committed 9344K, reserved 1048576K
}
Event: 19.901 GC heap before
{Heap before GC invocations=42 (full 0):
 garbage-first heap   total 199680K, used 161332K [0x0000000080000000, 0x0000000100000000)
  region size 1024K, 42 young (43008K), 1 survivors (1024K)
 Metaspace       used 75002K, committed 75520K, reserved 1122304K
  class space    used 9957K, committed 10176K, reserved 1048576K
}
Event: 19.908 GC heap after
{Heap after GC invocations=43 (full 0):
 garbage-first heap   total 199680K, used 121707K [0x0000000080000000, 0x0000000100000000)
  region size 1024K, 4 young (4096K), 4 survivors (4096K)
 Metaspace       used 75002K, committed 75520K, reserved 1122304K
  class space    used 9957K, committed 10176K, reserved 1048576K
}
Event: 20.603 GC heap before
{Heap before GC invocations=43 (full 0):
 garbage-first heap   total 199680K, used 145259K [0x0000000080000000, 0x0000000100000000)
  region size 1024K, 28 young (28672K), 4 survivors (4096K)
 Metaspace       used 79052K, committed 79680K, reserved 1122304K
  class space    used 10514K, committed 10752K, reserved 1048576K
}
Event: 20.610 GC heap after
{Heap after GC invocations=44 (full 0):
 garbage-first heap   total 199680K, used 124006K [0x0000000080000000, 0x0000000100000000)
  region size 1024K, 5 young (5120K), 5 survivors (5120K)
 Metaspace       used 79052K, committed 79680K, reserved 1122304K
  class space    used 10514K, committed 10752K, reserved 1048576K
}

